Unable to capture context for thread 58828 in process 71780, can not generate back trace
Unable to capture context for thread 27440 in process 71780, can not generate back trace
Unable to capture context for thread 33152 in process 71780, can not generate back trace
Unable to capture context for thread 68640 in process 71780, can not generate back trace
Unable to capture context for thread 66904 in process 71780, can not generate back trace
Exception at PC 0x00007FFC5E52BB93
Printing stacktrace...

Unable to capture context for thread 33152 in process 71780, can not generate back trace
Exception at PC 0x00007FFD7EE7FB4C
Exception at PC 0x00007FFD7EE7FB4C
Exception at PC 0x00007FFD7EE7FB4C
Exception at PC 0x00007FFD7EE7FB4C
[0]  [0x00007FFC5E52BB93]
[1]  [0x00007FFC5E52BB93]
[2]  [0x00007FFC5E52B4A1]
[3]  [0x00007FFC5E52B459]
[4]  [0x00007FFC5E5119FE]
[5]  [0x00007FFC5E510ED1]
[6]  [0x00007FFC5E510D76]
[7]  [0x00007FFC5E4B79F6]
[8]  [0x00007FFC5E4A7AFB]
[9]  [0x00007FFC5E5CE90A]
[10]  [0x00007FFC5E5E9F87]
[11]  [0x00007FFC5E5EA05F]
[12] (BaseThreadInitThunk+0x1d) [0x00007FFD7FD1259D]
[13] (RtlUserThreadStart+0x28) [0x00007FFD81BAAF38]
Done
Exception at PC 0x00007FFD7EE7FB4C
Exception at PC 0x00007FFD7EE7FB4C
Exception at PC 0x00007FFD7EE7FB4C
Exception at PC 0x00007FFD7EE7FB4C
Exception at PC 0x00007FFD7EE7FB4C
Exception at PC 0x00007FFD7EE7FB4C
Exception at PC 0x00007FFD7EE7FB4C
Exception at PC 0x00007FFD7EE7FB4C
Exception at PC 0x00007FFD7EE7FB4C
Exception at PC 0x00007FFD7EE7FB4C
Exception at PC 0x00007FFD7EE7FB4C
Exception at PC 0x00007FFD7EE7FB4C
Exception at PC 0x00007FFD7EE7FB4C
